[1.632s] DEBUG:colcon:Command line arguments: ['/usr/bin/colcon', 'list', '-p', '--base-paths', '/home/sahin/ros2_ws']
[1.632s] DEBUG:colcon:Parsed command line arguments: Namespace(log_base=None, log_level=None, verb_name='list', build_base='build', ignore_user_meta=False, metas=['./colcon.meta'], base_paths=['/home/sahin/ros2_ws'], packages_ignore=None, packages_ignore_regex=None, paths=None, packages_up_to=None, packages_up_to_regex=None, packages_above=None, packages_above_and_dependencies=None, packages_above_depth=None, packages_select_by_dep=None, packages_skip_by_dep=None, packages_skip_up_to=None, packages_select_build_failed=False, packages_skip_build_finished=False, packages_select_test_failures=False, packages_skip_test_passed=False, packages_select=None, packages_skip=None, packages_select_regex=None, packages_skip_regex=None, packages_start=None, packages_end=None, allow_overriding=[], topological_order=False, names_only=False, paths_only=True, topological_graph=False, topological_graph_dot=False, topological_graph_density=False, topological_graph_legend=False, topological_graph_dot_cluster=False, topological_graph_dot_include_skipped=False, mixin_files=None, mixin=None, verb_parser=<colcon_mixin.mixin.mixin_argument.MixinArgumentDecorator object at 0x7c3baeb7f980>, verb_extension=<colcon_package_information.verb.list.ListVerb object at 0x7c3baeb7eb70>, main=<bound method ListVerb.main of <colcon_package_information.verb.list.ListVerb object at 0x7c3baeb7eb70>>, mixin_verb=('list',))
[2.368s] Level 1:colcon.colcon_core.package_discovery:discover_packages(colcon_meta) check parameters
[2.368s] Level 1:colcon.colcon_core.package_discovery:discover_packages(recursive) check parameters
[2.368s] Level 1:colcon.colcon_core.package_discovery:discover_packages(ignore) check parameters
[2.368s] Level 1:colcon.colcon_core.package_discovery:discover_packages(path) check parameters
[2.368s] Level 1:colcon.colcon_core.package_discovery:discover_packages(recursive) discover
[2.368s] INFO:colcon.colcon_core.package_discovery:Crawling recursively for packages in '/home/sahin/ros2_ws'
[2.425s] Level 1:colcon.colcon_core.package_identification:_identify(/home/sahin/ros2_ws) by extensions ['ignore', 'ignore_ament_install']
[2.435s] Level 1:colcon.colcon_core.package_identification:_identify(/home/sahin/ros2_ws) by extension 'ignore'
[2.435s] Level 1:colcon.colcon_core.package_identification:_identify(/home/sahin/ros2_ws) by extension 'ignore_ament_install'
[2.435s] Level 1:colcon.colcon_core.package_identification:_identify(/home/sahin/ros2_ws) by extensions ['colcon_pkg']
[2.435s] Level 1:colcon.colcon_core.package_identification:_identify(/home/sahin/ros2_ws) by extension 'colcon_pkg'
[2.435s] Level 1:colcon.colcon_core.package_identification:_identify(/home/sahin/ros2_ws) by extensions ['colcon_meta']
[2.435s] Level 1:colcon.colcon_core.package_identification:_identify(/home/sahin/ros2_ws) by extension 'colcon_meta'
[2.435s] Level 1:colcon.colcon_core.package_identification:_identify(/home/sahin/ros2_ws) by extensions ['ros']
[2.435s] Level 1:colcon.colcon_core.package_identification:_identify(/home/sahin/ros2_ws) by extension 'ros'
[2.953s] Level 1:colcon.colcon_core.package_identification:_identify(/home/sahin/ros2_ws) by extensions ['cmake', 'python']
[2.953s] Level 1:colcon.colcon_core.package_identification:_identify(/home/sahin/ros2_ws) by extension 'cmake'
[2.953s] Level 1:colcon.colcon_core.package_identification:_identify(/home/sahin/ros2_ws) by extension 'python'
[2.953s] Level 1:colcon.colcon_core.package_identification:_identify(/home/sahin/ros2_ws) by extensions ['python_setup_py']
[2.953s] Level 1:colcon.colcon_core.package_identification:_identify(/home/sahin/ros2_ws) by extension 'python_setup_py'
[2.953s] Level 1:colcon.colcon_core.package_identification:_identify(/home/sahin/ros2_ws/build) by extensions ['ignore', 'ignore_ament_install']
[2.954s] Level 1:colcon.colcon_core.package_identification:_identify(/home/sahin/ros2_ws/build) by extension 'ignore'
[2.954s] Level 1:colcon.colcon_core.package_identification:_identify(/home/sahin/ros2_ws/build) ignored
[2.957s] Level 1:colcon.colcon_core.package_identification:_identify(/home/sahin/ros2_ws/install) by extensions ['ignore', 'ignore_ament_install']
[3.048s] Level 1:colcon.colcon_core.package_identification:_identify(/home/sahin/ros2_ws/install) by extension 'ignore'
[3.048s] Level 1:colcon.colcon_core.package_identification:_identify(/home/sahin/ros2_ws/install) ignored
[3.049s] Level 1:colcon.colcon_core.package_identification:_identify(/home/sahin/ros2_ws/instructions) by extensions ['ignore', 'ignore_ament_install']
[3.049s] Level 1:colcon.colcon_core.package_identification:_identify(/home/sahin/ros2_ws/instructions) by extension 'ignore'
[3.049s] Level 1:colcon.colcon_core.package_identification:_identify(/home/sahin/ros2_ws/instructions) by extension 'ignore_ament_install'
[3.049s] Level 1:colcon.colcon_core.package_identification:_identify(/home/sahin/ros2_ws/instructions) by extensions ['colcon_pkg']
[3.049s] Level 1:colcon.colcon_core.package_identification:_identify(/home/sahin/ros2_ws/instructions) by extension 'colcon_pkg'
[3.049s] Level 1:colcon.colcon_core.package_identification:_identify(/home/sahin/ros2_ws/instructions) by extensions ['colcon_meta']
[3.049s] Level 1:colcon.colcon_core.package_identification:_identify(/home/sahin/ros2_ws/instructions) by extension 'colcon_meta'
[3.050s] Level 1:colcon.colcon_core.package_identification:_identify(/home/sahin/ros2_ws/instructions) by extensions ['ros']
[3.050s] Level 1:colcon.colcon_core.package_identification:_identify(/home/sahin/ros2_ws/instructions) by extension 'ros'
[3.078s] Level 1:colcon.colcon_core.package_identification:_identify(/home/sahin/ros2_ws/instructions) by extensions ['cmake', 'python']
[3.078s] Level 1:colcon.colcon_core.package_identification:_identify(/home/sahin/ros2_ws/instructions) by extension 'cmake'
[3.078s] Level 1:colcon.colcon_core.package_identification:_identify(/home/sahin/ros2_ws/instructions) by extension 'python'
[3.078s] Level 1:colcon.colcon_core.package_identification:_identify(/home/sahin/ros2_ws/instructions) by extensions ['python_setup_py']
[3.078s] Level 1:colcon.colcon_core.package_identification:_identify(/home/sahin/ros2_ws/instructions) by extension 'python_setup_py'
[3.079s] Level 1:colcon.colcon_core.package_identification:_identify(/home/sahin/ros2_ws/log) by extensions ['ignore', 'ignore_ament_install']
[3.079s] Level 1:colcon.colcon_core.package_identification:_identify(/home/sahin/ros2_ws/log) by extension 'ignore'
[3.079s] Level 1:colcon.colcon_core.package_identification:_identify(/home/sahin/ros2_ws/log) ignored
[3.079s] Level 1:colcon.colcon_core.package_identification:_identify(/home/sahin/ros2_ws/src) by extensions ['ignore', 'ignore_ament_install']
[3.096s] Level 1:colcon.colcon_core.package_identification:_identify(/home/sahin/ros2_ws/src) by extension 'ignore'
[3.096s] Level 1:colcon.colcon_core.package_identification:_identify(/home/sahin/ros2_ws/src) by extension 'ignore_ament_install'
[3.096s] Level 1:colcon.colcon_core.package_identification:_identify(/home/sahin/ros2_ws/src) by extensions ['colcon_pkg']
[3.096s] Level 1:colcon.colcon_core.package_identification:_identify(/home/sahin/ros2_ws/src) by extension 'colcon_pkg'
[3.096s] Level 1:colcon.colcon_core.package_identification:_identify(/home/sahin/ros2_ws/src) by extensions ['colcon_meta']
[3.096s] Level 1:colcon.colcon_core.package_identification:_identify(/home/sahin/ros2_ws/src) by extension 'colcon_meta'
[3.097s] Level 1:colcon.colcon_core.package_identification:_identify(/home/sahin/ros2_ws/src) by extensions ['ros']
[3.097s] Level 1:colcon.colcon_core.package_identification:_identify(/home/sahin/ros2_ws/src) by extension 'ros'
[3.097s] Level 1:colcon.colcon_core.package_identification:_identify(/home/sahin/ros2_ws/src) by extensions ['cmake', 'python']
[3.097s] Level 1:colcon.colcon_core.package_identification:_identify(/home/sahin/ros2_ws/src) by extension 'cmake'
[3.098s] Level 1:colcon.colcon_core.package_identification:_identify(/home/sahin/ros2_ws/src) by extension 'python'
[3.100s] Level 1:colcon.colcon_core.package_identification:_identify(/home/sahin/ros2_ws/src) by extensions ['python_setup_py']
[3.100s] Level 1:colcon.colcon_core.package_identification:_identify(/home/sahin/ros2_ws/src) by extension 'python_setup_py'
[3.102s] Level 1:colcon.colcon_core.package_identification:_identify(/home/sahin/ros2_ws/src/my_cpp_pkg) by extensions ['ignore', 'ignore_ament_install']
[3.102s] Level 1:colcon.colcon_core.package_identification:_identify(/home/sahin/ros2_ws/src/my_cpp_pkg) by extension 'ignore'
[3.102s] Level 1:colcon.colcon_core.package_identification:_identify(/home/sahin/ros2_ws/src/my_cpp_pkg) by extension 'ignore_ament_install'
[3.102s] Level 1:colcon.colcon_core.package_identification:_identify(/home/sahin/ros2_ws/src/my_cpp_pkg) by extensions ['colcon_pkg']
[3.102s] Level 1:colcon.colcon_core.package_identification:_identify(/home/sahin/ros2_ws/src/my_cpp_pkg) by extension 'colcon_pkg'
[3.102s] Level 1:colcon.colcon_core.package_identification:_identify(/home/sahin/ros2_ws/src/my_cpp_pkg) by extensions ['colcon_meta']
[3.102s] Level 1:colcon.colcon_core.package_identification:_identify(/home/sahin/ros2_ws/src/my_cpp_pkg) by extension 'colcon_meta'
[3.102s] Level 1:colcon.colcon_core.package_identification:_identify(/home/sahin/ros2_ws/src/my_cpp_pkg) by extensions ['ros']
[3.102s] Level 1:colcon.colcon_core.package_identification:_identify(/home/sahin/ros2_ws/src/my_cpp_pkg) by extension 'ros'
[3.124s] DEBUG:colcon.colcon_core.package_identification:Package '/home/sahin/ros2_ws/src/my_cpp_pkg' with type 'ros.ament_cmake' and name 'my_cpp_pkg'
[3.124s] Level 1:colcon.colcon_core.package_identification:_identify(/home/sahin/ros2_ws/src/my_py_pkg) by extensions ['ignore', 'ignore_ament_install']
[3.125s] Level 1:colcon.colcon_core.package_identification:_identify(/home/sahin/ros2_ws/src/my_py_pkg) by extension 'ignore'
[3.125s] Level 1:colcon.colcon_core.package_identification:_identify(/home/sahin/ros2_ws/src/my_py_pkg) by extension 'ignore_ament_install'
[3.125s] Level 1:colcon.colcon_core.package_identification:_identify(/home/sahin/ros2_ws/src/my_py_pkg) by extensions ['colcon_pkg']
[3.125s] Level 1:colcon.colcon_core.package_identification:_identify(/home/sahin/ros2_ws/src/my_py_pkg) by extension 'colcon_pkg'
[3.125s] Level 1:colcon.colcon_core.package_identification:_identify(/home/sahin/ros2_ws/src/my_py_pkg) by extensions ['colcon_meta']
[3.125s] Level 1:colcon.colcon_core.package_identification:_identify(/home/sahin/ros2_ws/src/my_py_pkg) by extension 'colcon_meta'
[3.125s] Level 1:colcon.colcon_core.package_identification:_identify(/home/sahin/ros2_ws/src/my_py_pkg) by extensions ['ros']
[3.125s] Level 1:colcon.colcon_core.package_identification:_identify(/home/sahin/ros2_ws/src/my_py_pkg) by extension 'ros'
[3.126s] DEBUG:colcon.colcon_core.package_identification:Package '/home/sahin/ros2_ws/src/my_py_pkg' with type 'ros.ament_python' and name 'my_py_pkg'
[3.126s] Level 1:colcon.colcon_core.package_discovery:discover_packages(recursive) using defaults
