[0.048s] Invoking command in '/home/sahin/ros2_ws/build/my_cpp_pkg': CMAKE_PREFIX_PATH=${CMAKE_PREFIX_PATH}:/home/sahin/ros2_ws/install/my_py_pkg:/opt/ros/jazzy DEBUGINFOD_URLS=https://debuginfod.ubuntu.com /usr/bin/cmake --build /home/sahin/ros2_ws/build/my_cpp_pkg -- -j2 -l2
[0.255s] [ 50%] [32mBuilding CXX object CMakeFiles/cpp_node.dir/src/my_first_node.cpp.o[0m
[4.135s] [100%] [32m[1mLinking CXX executable cpp_node[0m
[4.345s] [100%] Built target cpp_node
[4.367s] Invoked command in '/home/sahin/ros2_ws/build/my_cpp_pkg' returned '0': CMAKE_PREFIX_PATH=${CMAKE_PREFIX_PATH}:/home/sahin/ros2_ws/install/my_py_pkg:/opt/ros/jazzy DEBUGINFOD_URLS=https://debuginfod.ubuntu.com /usr/bin/cmake --build /home/sahin/ros2_ws/build/my_cpp_pkg -- -j2 -l2
[4.384s] Invoking command in '/home/sahin/ros2_ws/build/my_cpp_pkg': CMAKE_PREFIX_PATH=${CMAKE_PREFIX_PATH}:/home/sahin/ros2_ws/install/my_py_pkg:/opt/ros/jazzy DEBUGINFOD_URLS=https://debuginfod.ubuntu.com /usr/bin/cmake --install /home/sahin/ros2_ws/build/my_cpp_pkg
[4.399s] -- Install configuration: ""
[4.403s] -- Installing: /home/sahin/ros2_ws/install/my_cpp_pkg/lib/my_cpp_pkg/cpp_node
[4.403s] -- Set non-toolchain portion of runtime path of "/home/sahin/ros2_ws/install/my_cpp_pkg/lib/my_cpp_pkg/cpp_node" to ""
[4.403s] -- Up-to-date: /home/sahin/ros2_ws/install/my_cpp_pkg/share/ament_index/resource_index/package_run_dependencies/my_cpp_pkg
[4.403s] -- Up-to-date: /home/sahin/ros2_ws/install/my_cpp_pkg/share/ament_index/resource_index/parent_prefix_path/my_cpp_pkg
[4.403s] -- Up-to-date: /home/sahin/ros2_ws/install/my_cpp_pkg/share/my_cpp_pkg/environment/ament_prefix_path.sh
[4.403s] -- Up-to-date: /home/sahin/ros2_ws/install/my_cpp_pkg/share/my_cpp_pkg/environment/ament_prefix_path.dsv
[4.403s] -- Up-to-date: /home/sahin/ros2_ws/install/my_cpp_pkg/share/my_cpp_pkg/environment/path.sh
[4.403s] -- Up-to-date: /home/sahin/ros2_ws/install/my_cpp_pkg/share/my_cpp_pkg/environment/path.dsv
[4.403s] -- Up-to-date: /home/sahin/ros2_ws/install/my_cpp_pkg/share/my_cpp_pkg/local_setup.bash
[4.404s] -- Up-to-date: /home/sahin/ros2_ws/install/my_cpp_pkg/share/my_cpp_pkg/local_setup.sh
[4.404s] -- Up-to-date: /home/sahin/ros2_ws/install/my_cpp_pkg/share/my_cpp_pkg/local_setup.zsh
[4.404s] -- Up-to-date: /home/sahin/ros2_ws/install/my_cpp_pkg/share/my_cpp_pkg/local_setup.dsv
[4.404s] -- Installing: /home/sahin/ros2_ws/install/my_cpp_pkg/share/my_cpp_pkg/package.dsv
[4.404s] -- Up-to-date: /home/sahin/ros2_ws/install/my_cpp_pkg/share/ament_index/resource_index/packages/my_cpp_pkg
[4.404s] -- Up-to-date: /home/sahin/ros2_ws/install/my_cpp_pkg/share/my_cpp_pkg/cmake/my_cpp_pkgConfig.cmake
[4.426s] -- Up-to-date: /home/sahin/ros2_ws/install/my_cpp_pkg/share/my_cpp_pkg/cmake/my_cpp_pkgConfig-version.cmake
[4.426s] -- Up-to-date: /home/sahin/ros2_ws/install/my_cpp_pkg/share/my_cpp_pkg/package.xml
[4.430s] Invoked command in '/home/sahin/ros2_ws/build/my_cpp_pkg' returned '0': CMAKE_PREFIX_PATH=${CMAKE_PREFIX_PATH}:/home/sahin/ros2_ws/install/my_py_pkg:/opt/ros/jazzy DEBUGINFOD_URLS=https://debuginfod.ubuntu.com /usr/bin/cmake --install /home/sahin/ros2_ws/build/my_cpp_pkg
