[0.974s] Invoking command in '/home/sahin/ros2_ws/src/my_py_pkg': DEBUGINFOD_URLS=https://debuginfod.ubuntu.com PYTHONPATH=/home/sahin/ros2_ws/build/my_py_pkg/prefix_override:/usr/lib/python3/dist-packages/colcon_core/task/python/colcon_distutils_commands:/home/sahin/ros2_ws/install/my_py_pkg/lib/python3.12/site-packages:${PYTHONPATH} /usr/bin/python3 -W ignore:setup.py install is deprecated -W ignore:easy_install command is deprecated setup.py egg_info --egg-base ../../build/my_py_pkg build --build-base /home/sahin/ros2_ws/build/my_py_pkg/build install --record /home/sahin/ros2_ws/build/my_py_pkg/install.log --single-version-externally-managed install_data
[1.239s] running egg_info
[1.258s] writing ../../build/my_py_pkg/my_py_pkg.egg-info/PKG-INFO
[1.259s] writing dependency_links to ../../build/my_py_pkg/my_py_pkg.egg-info/dependency_links.txt
[1.265s] writing entry points to ../../build/my_py_pkg/my_py_pkg.egg-info/entry_points.txt
[1.265s] writing requirements to ../../build/my_py_pkg/my_py_pkg.egg-info/requires.txt
[1.267s] writing top-level names to ../../build/my_py_pkg/my_py_pkg.egg-info/top_level.txt
[1.320s] reading manifest file '../../build/my_py_pkg/my_py_pkg.egg-info/SOURCES.txt'
[1.322s] writing manifest file '../../build/my_py_pkg/my_py_pkg.egg-info/SOURCES.txt'
[1.323s] running build
[1.324s] running build_py
[1.324s] copying my_py_pkg/my_first_node.py -> /home/sahin/ros2_ws/build/my_py_pkg/build/lib/my_py_pkg
[1.324s] running install
[1.331s] running install_lib
[1.354s] copying /home/sahin/ros2_ws/build/my_py_pkg/build/lib/my_py_pkg/my_first_node.py -> /home/sahin/ros2_ws/install/my_py_pkg/lib/python3.12/site-packages/my_py_pkg
[1.368s] byte-compiling /home/sahin/ros2_ws/install/my_py_pkg/lib/python3.12/site-packages/my_py_pkg/my_first_node.py to my_first_node.cpython-312.pyc
[1.371s] running install_data
[1.371s] running install_egg_info
[1.385s] removing '/home/sahin/ros2_ws/install/my_py_pkg/lib/python3.12/site-packages/my_py_pkg-0.0.0-py3.12.egg-info' (and everything under it)
[1.386s] Copying ../../build/my_py_pkg/my_py_pkg.egg-info to /home/sahin/ros2_ws/install/my_py_pkg/lib/python3.12/site-packages/my_py_pkg-0.0.0-py3.12.egg-info
[1.387s] running install_scripts
[1.541s] Installing py_node script to /home/sahin/ros2_ws/install/my_py_pkg/lib/my_py_pkg
[1.547s] writing list of installed files to '/home/sahin/ros2_ws/build/my_py_pkg/install.log'
[1.587s] Invoked command in '/home/sahin/ros2_ws/src/my_py_pkg' returned '0': DEBUGINFOD_URLS=https://debuginfod.ubuntu.com PYTHONPATH=/home/sahin/ros2_ws/build/my_py_pkg/prefix_override:/usr/lib/python3/dist-packages/colcon_core/task/python/colcon_distutils_commands:/home/sahin/ros2_ws/install/my_py_pkg/lib/python3.12/site-packages:${PYTHONPATH} /usr/bin/python3 -W ignore:setup.py install is deprecated -W ignore:easy_install command is deprecated setup.py egg_info --egg-base ../../build/my_py_pkg build --build-base /home/sahin/ros2_ws/build/my_py_pkg/build install --record /home/sahin/ros2_ws/build/my_py_pkg/install.log --single-version-externally-managed install_data
