[0.327s] Invoking command in '/home/sahin/ros2_ws/build/my_cpp_pkg': CMAKE_PREFIX_PATH=${CMAKE_PREFIX_PATH}:/home/sahin/ros2_ws/install/my_py_pkg:/opt/ros/jazzy DEBUGINFOD_URLS=https://debuginfod.ubuntu.com /usr/bin/cmake --build /home/sahin/ros2_ws/build/my_cpp_pkg -- -j2 -l2
[0.400s] -- Found ament_cmake: 2.5.3 (/opt/ros/jazzy/share/ament_cmake/cmake)
[0.677s] -- Found rclcpp: 28.1.6 (/opt/ros/jazzy/share/rclcpp/cmake)
[0.700s] -- Found rosidl_generator_c: 4.6.5 (/opt/ros/jazzy/share/rosidl_generator_c/cmake)
[0.712s] -- Found rosidl_generator_cpp: 4.6.5 (/opt/ros/jazzy/share/rosidl_generator_cpp/cmake)
[0.741s] -- Using all available rosidl_typesupport_c: rosidl_typesupport_fastrtps_c;rosidl_typesupport_introspection_c
[0.743s] -- Using all available rosidl_typesupport_cpp: rosidl_typesupport_fastrtps_cpp;rosidl_typesupport_introspection_cpp
[0.832s] -- Found rmw_implementation_cmake: 7.3.1 (/opt/ros/jazzy/share/rmw_implementation_cmake/cmake)
[0.836s] -- Found rmw_fastrtps_cpp: 8.4.1 (/opt/ros/jazzy/share/rmw_fastrtps_cpp/cmake)
[1.223s] -- Using RMW implementation 'rmw_fastrtps_cpp' as default
[1.462s] -- Configuring done (1.1s)
[1.534s] -- Generating done (0.0s)
[1.550s] -- Build files have been written to: /home/sahin/ros2_ws/build/my_cpp_pkg
[1.712s] [ 50%] [32mBuilding CXX object CMakeFiles/cpp_node.dir/src/my_first_node.cpp.o[0m
[5.312s] [100%] [32m[1mLinking CXX executable cpp_node[0m
[5.621s] [100%] Built target cpp_node
[5.670s] Invoked command in '/home/sahin/ros2_ws/build/my_cpp_pkg' returned '0': CMAKE_PREFIX_PATH=${CMAKE_PREFIX_PATH}:/home/sahin/ros2_ws/install/my_py_pkg:/opt/ros/jazzy DEBUGINFOD_URLS=https://debuginfod.ubuntu.com /usr/bin/cmake --build /home/sahin/ros2_ws/build/my_cpp_pkg -- -j2 -l2
[5.688s] Invoking command in '/home/sahin/ros2_ws/build/my_cpp_pkg': CMAKE_PREFIX_PATH=${CMAKE_PREFIX_PATH}:/home/sahin/ros2_ws/install/my_py_pkg:/opt/ros/jazzy DEBUGINFOD_URLS=https://debuginfod.ubuntu.com /usr/bin/cmake --install /home/sahin/ros2_ws/build/my_cpp_pkg
[5.715s] -- Install configuration: ""
[5.715s] -- Installing: /home/sahin/ros2_ws/install/my_cpp_pkg/lib/my_cpp_pkg/cpp_node
[5.715s] -- Set non-toolchain portion of runtime path of "/home/sahin/ros2_ws/install/my_cpp_pkg/lib/my_cpp_pkg/cpp_node" to ""
[5.715s] -- Up-to-date: /home/sahin/ros2_ws/install/my_cpp_pkg/share/ament_index/resource_index/package_run_dependencies/my_cpp_pkg
[5.715s] -- Up-to-date: /home/sahin/ros2_ws/install/my_cpp_pkg/share/ament_index/resource_index/parent_prefix_path/my_cpp_pkg
[5.715s] -- Up-to-date: /home/sahin/ros2_ws/install/my_cpp_pkg/share/my_cpp_pkg/environment/ament_prefix_path.sh
[5.715s] -- Up-to-date: /home/sahin/ros2_ws/install/my_cpp_pkg/share/my_cpp_pkg/environment/ament_prefix_path.dsv
[5.715s] -- Up-to-date: /home/sahin/ros2_ws/install/my_cpp_pkg/share/my_cpp_pkg/environment/path.sh
[5.715s] -- Up-to-date: /home/sahin/ros2_ws/install/my_cpp_pkg/share/my_cpp_pkg/environment/path.dsv
[5.715s] -- Up-to-date: /home/sahin/ros2_ws/install/my_cpp_pkg/share/my_cpp_pkg/local_setup.bash
[5.715s] -- Up-to-date: /home/sahin/ros2_ws/install/my_cpp_pkg/share/my_cpp_pkg/local_setup.sh
[5.716s] -- Up-to-date: /home/sahin/ros2_ws/install/my_cpp_pkg/share/my_cpp_pkg/local_setup.zsh
[5.716s] -- Up-to-date: /home/sahin/ros2_ws/install/my_cpp_pkg/share/my_cpp_pkg/local_setup.dsv
[5.716s] -- Installing: /home/sahin/ros2_ws/install/my_cpp_pkg/share/my_cpp_pkg/package.dsv
[5.716s] -- Up-to-date: /home/sahin/ros2_ws/install/my_cpp_pkg/share/ament_index/resource_index/packages/my_cpp_pkg
[5.716s] -- Up-to-date: /home/sahin/ros2_ws/install/my_cpp_pkg/share/my_cpp_pkg/cmake/my_cpp_pkgConfig.cmake
[5.716s] -- Up-to-date: /home/sahin/ros2_ws/install/my_cpp_pkg/share/my_cpp_pkg/cmake/my_cpp_pkgConfig-version.cmake
[5.716s] -- Up-to-date: /home/sahin/ros2_ws/install/my_cpp_pkg/share/my_cpp_pkg/package.xml
[5.717s] Invoked command in '/home/sahin/ros2_ws/build/my_cpp_pkg' returned '0': CMAKE_PREFIX_PATH=${CMAKE_PREFIX_PATH}:/home/sahin/ros2_ws/install/my_py_pkg:/opt/ros/jazzy DEBUGINFOD_URLS=https://debuginfod.ubuntu.com /usr/bin/cmake --install /home/sahin/ros2_ws/build/my_cpp_pkg
