[1.982s] Invoking command in '/home/sahin/ros2_ws/src/my_py_pkg': DEBUGINFOD_URLS=https://debuginfod.ubuntu.com PYTHONPATH=/home/sahin/ros2_ws/build/my_py_pkg/prefix_override:/usr/lib/python3/dist-packages/colcon_core/task/python/colcon_distutils_commands:/home/sahin/ros2_ws/install/my_py_pkg/lib/python3.12/site-packages:${PYTHONPATH} /usr/bin/python3 -W ignore:setup.py install is deprecated -W ignore:easy_install command is deprecated setup.py egg_info --egg-base ../../build/my_py_pkg build --build-base /home/sahin/ros2_ws/build/my_py_pkg/build install --record /home/sahin/ros2_ws/build/my_py_pkg/install.log --single-version-externally-managed install_data
[2.321s] running egg_info
[2.321s] creating ../../build/my_py_pkg/my_py_pkg.egg-info
[2.321s] writing ../../build/my_py_pkg/my_py_pkg.egg-info/PKG-INFO
[2.321s] writing dependency_links to ../../build/my_py_pkg/my_py_pkg.egg-info/dependency_links.txt
[2.322s] writing requirements to ../../build/my_py_pkg/my_py_pkg.egg-info/requires.txt
[2.322s] writing top-level names to ../../build/my_py_pkg/my_py_pkg.egg-info/top_level.txt
[2.322s] writing manifest file '../../build/my_py_pkg/my_py_pkg.egg-info/SOURCES.txt'
[2.322s] reading manifest file '../../build/my_py_pkg/my_py_pkg.egg-info/SOURCES.txt'
[2.322s] writing manifest file '../../build/my_py_pkg/my_py_pkg.egg-info/SOURCES.txt'
[2.322s] running build
[2.324s] running build_py
[2.324s] creating /home/sahin/ros2_ws/build/my_py_pkg/build
[2.324s] creating /home/sahin/ros2_ws/build/my_py_pkg/build/lib
[2.324s] creating /home/sahin/ros2_ws/build/my_py_pkg/build/lib/my_py_pkg
[2.330s] copying my_py_pkg/__init__.py -> /home/sahin/ros2_ws/build/my_py_pkg/build/lib/my_py_pkg
[2.330s] running install
[2.344s] running install_lib
[2.361s] creating /home/sahin/ros2_ws/install/my_py_pkg/lib/python3.12/site-packages/my_py_pkg
[2.361s] copying /home/sahin/ros2_ws/build/my_py_pkg/build/lib/my_py_pkg/__init__.py -> /home/sahin/ros2_ws/install/my_py_pkg/lib/python3.12/site-packages/my_py_pkg
[2.361s] byte-compiling /home/sahin/ros2_ws/install/my_py_pkg/lib/python3.12/site-packages/my_py_pkg/__init__.py to __init__.cpython-312.pyc
[2.361s] running install_data
[2.361s] creating /home/sahin/ros2_ws/install/my_py_pkg/share/ament_index
[2.361s] creating /home/sahin/ros2_ws/install/my_py_pkg/share/ament_index/resource_index
[2.361s] creating /home/sahin/ros2_ws/install/my_py_pkg/share/ament_index/resource_index/packages
[2.361s] copying resource/my_py_pkg -> /home/sahin/ros2_ws/install/my_py_pkg/share/ament_index/resource_index/packages
[2.361s] copying package.xml -> /home/sahin/ros2_ws/install/my_py_pkg/share/my_py_pkg
[2.361s] running install_egg_info
[2.400s] Copying ../../build/my_py_pkg/my_py_pkg.egg-info to /home/sahin/ros2_ws/install/my_py_pkg/lib/python3.12/site-packages/my_py_pkg-0.0.0-py3.12.egg-info
[2.400s] running install_scripts
[2.536s] writing list of installed files to '/home/sahin/ros2_ws/build/my_py_pkg/install.log'
[2.569s] Invoked command in '/home/sahin/ros2_ws/src/my_py_pkg' returned '0': DEBUGINFOD_URLS=https://debuginfod.ubuntu.com PYTHONPATH=/home/sahin/ros2_ws/build/my_py_pkg/prefix_override:/usr/lib/python3/dist-packages/colcon_core/task/python/colcon_distutils_commands:/home/sahin/ros2_ws/install/my_py_pkg/lib/python3.12/site-packages:${PYTHONPATH} /usr/bin/python3 -W ignore:setup.py install is deprecated -W ignore:easy_install command is deprecated setup.py egg_info --egg-base ../../build/my_py_pkg build --build-base /home/sahin/ros2_ws/build/my_py_pkg/build install --record /home/sahin/ros2_ws/build/my_py_pkg/install.log --single-version-externally-managed install_data
