[2.200s] Invoking command in '/home/sahin/ros2_ws/src/my_py_pkg': DEBUGINFOD_URLS=https://debuginfod.ubuntu.com PYTHONPATH=/home/sahin/ros2_ws/build/my_py_pkg/prefix_override:/usr/lib/python3/dist-packages/colcon_core/task/python/colcon_distutils_commands:/home/sahin/ros2_ws/install/my_py_pkg/lib/python3.12/site-packages:${PYTHONPATH} /usr/bin/python3 -W ignore:setup.py install is deprecated -W ignore:easy_install command is deprecated setup.py egg_info --egg-base ../../build/my_py_pkg build --build-base /home/sahin/ros2_ws/build/my_py_pkg/build install --record /home/sahin/ros2_ws/build/my_py_pkg/install.log --single-version-externally-managed install_data
[2.527s] running egg_info
[2.529s] writing ../../build/my_py_pkg/my_py_pkg.egg-info/PKG-INFO
[2.531s] writing dependency_links to ../../build/my_py_pkg/my_py_pkg.egg-info/dependency_links.txt
[2.532s] writing entry points to ../../build/my_py_pkg/my_py_pkg.egg-info/entry_points.txt
[2.532s] writing requirements to ../../build/my_py_pkg/my_py_pkg.egg-info/requires.txt
[2.534s] writing top-level names to ../../build/my_py_pkg/my_py_pkg.egg-info/top_level.txt
[2.577s] reading manifest file '../../build/my_py_pkg/my_py_pkg.egg-info/SOURCES.txt'
[2.596s] writing manifest file '../../build/my_py_pkg/my_py_pkg.egg-info/SOURCES.txt'
[2.597s] running build
[2.597s] running build_py
[2.598s] copying my_py_pkg/my_first_node.py -> /home/sahin/ros2_ws/build/my_py_pkg/build/lib/my_py_pkg
[2.598s] running install
[2.604s] running install_lib
[2.623s] copying /home/sahin/ros2_ws/build/my_py_pkg/build/lib/my_py_pkg/my_first_node.py -> /home/sahin/ros2_ws/install/my_py_pkg/lib/python3.12/site-packages/my_py_pkg
[2.624s] byte-compiling /home/sahin/ros2_ws/install/my_py_pkg/lib/python3.12/site-packages/my_py_pkg/my_first_node.py to my_first_node.cpython-312.pyc
[2.625s] running install_data
[2.626s] running install_egg_info
[2.648s] removing '/home/sahin/ros2_ws/install/my_py_pkg/lib/python3.12/site-packages/my_py_pkg-0.0.0-py3.12.egg-info' (and everything under it)
[2.653s] Copying ../../build/my_py_pkg/my_py_pkg.egg-info to /home/sahin/ros2_ws/install/my_py_pkg/lib/python3.12/site-packages/my_py_pkg-0.0.0-py3.12.egg-info
[2.676s] running install_scripts
[2.823s] Installing py_node script to /home/sahin/ros2_ws/install/my_py_pkg/lib/my_py_pkg
[2.825s] writing list of installed files to '/home/sahin/ros2_ws/build/my_py_pkg/install.log'
[2.891s] Invoked command in '/home/sahin/ros2_ws/src/my_py_pkg' returned '0': DEBUGINFOD_URLS=https://debuginfod.ubuntu.com PYTHONPATH=/home/sahin/ros2_ws/build/my_py_pkg/prefix_override:/usr/lib/python3/dist-packages/colcon_core/task/python/colcon_distutils_commands:/home/sahin/ros2_ws/install/my_py_pkg/lib/python3.12/site-packages:${PYTHONPATH} /usr/bin/python3 -W ignore:setup.py install is deprecated -W ignore:easy_install command is deprecated setup.py egg_info --egg-base ../../build/my_py_pkg build --build-base /home/sahin/ros2_ws/build/my_py_pkg/build install --record /home/sahin/ros2_ws/build/my_py_pkg/install.log --single-version-externally-managed install_data
