[1.269s] Invoking command in '/home/sahin/ros2_ws/src/my_py_pkg': DEBUGINFOD_URLS=https://debuginfod.ubuntu.com PYTHONPATH=/home/sahin/ros2_ws/build/my_py_pkg/prefix_override:/usr/lib/python3/dist-packages/colcon_core/task/python/colcon_distutils_commands:/home/sahin/ros2_ws/install/my_py_pkg/lib/python3.12/site-packages:${PYTHONPATH} /usr/bin/python3 -W ignore:setup.py install is deprecated -W ignore:easy_install command is deprecated setup.py egg_info --egg-base ../../build/my_py_pkg build --build-base /home/sahin/ros2_ws/build/my_py_pkg/build install --record /home/sahin/ros2_ws/build/my_py_pkg/install.log --single-version-externally-managed install_data
[1.758s] running egg_info
[1.790s] writing ../../build/my_py_pkg/my_py_pkg.egg-info/PKG-INFO
[1.790s] writing dependency_links to ../../build/my_py_pkg/my_py_pkg.egg-info/dependency_links.txt
[1.791s] writing entry points to ../../build/my_py_pkg/my_py_pkg.egg-info/entry_points.txt
[1.791s] writing requirements to ../../build/my_py_pkg/my_py_pkg.egg-info/requires.txt
[1.791s] writing top-level names to ../../build/my_py_pkg/my_py_pkg.egg-info/top_level.txt
[1.873s] reading manifest file '../../build/my_py_pkg/my_py_pkg.egg-info/SOURCES.txt'
[1.875s] writing manifest file '../../build/my_py_pkg/my_py_pkg.egg-info/SOURCES.txt'
[1.875s] running build
[1.875s] running build_py
[1.882s] copying my_py_pkg/my_first_node.py -> /home/sahin/ros2_ws/build/my_py_pkg/build/lib/my_py_pkg
[1.882s] running install
[1.886s] running install_lib
[1.927s] copying /home/sahin/ros2_ws/build/my_py_pkg/build/lib/my_py_pkg/my_first_node.py -> /home/sahin/ros2_ws/install/my_py_pkg/lib/python3.12/site-packages/my_py_pkg
[1.931s] byte-compiling /home/sahin/ros2_ws/install/my_py_pkg/lib/python3.12/site-packages/my_py_pkg/my_first_node.py to my_first_node.cpython-312.pyc
[1.935s] running install_data
[1.945s] running install_egg_info
[1.980s] removing '/home/sahin/ros2_ws/install/my_py_pkg/lib/python3.12/site-packages/my_py_pkg-0.0.0-py3.12.egg-info' (and everything under it)
[1.983s] Copying ../../build/my_py_pkg/my_py_pkg.egg-info to /home/sahin/ros2_ws/install/my_py_pkg/lib/python3.12/site-packages/my_py_pkg-0.0.0-py3.12.egg-info
[1.985s] running install_scripts
[2.226s] Installing py_node script to /home/sahin/ros2_ws/install/my_py_pkg/lib/my_py_pkg
[2.227s] writing list of installed files to '/home/sahin/ros2_ws/build/my_py_pkg/install.log'
[2.299s] Invoked command in '/home/sahin/ros2_ws/src/my_py_pkg' returned '0': DEBUGINFOD_URLS=https://debuginfod.ubuntu.com PYTHONPATH=/home/sahin/ros2_ws/build/my_py_pkg/prefix_override:/usr/lib/python3/dist-packages/colcon_core/task/python/colcon_distutils_commands:/home/sahin/ros2_ws/install/my_py_pkg/lib/python3.12/site-packages:${PYTHONPATH} /usr/bin/python3 -W ignore:setup.py install is deprecated -W ignore:easy_install command is deprecated setup.py egg_info --egg-base ../../build/my_py_pkg build --build-base /home/sahin/ros2_ws/build/my_py_pkg/build install --record /home/sahin/ros2_ws/build/my_py_pkg/install.log --single-version-externally-managed install_data
