[1.089s] Invoking command in '/home/sahin/ros2_ws/src/my_py_pkg': DEBUGINFOD_URLS=https://debuginfod.ubuntu.com PYTHONPATH=/home/sahin/ros2_ws/build/my_py_pkg/prefix_override:/usr/lib/python3/dist-packages/colcon_core/task/python/colcon_distutils_commands:/home/sahin/ros2_ws/install/my_py_pkg/lib/python3.12/site-packages:${PYTHONPATH} /usr/bin/python3 -W ignore:setup.py install is deprecated -W ignore:easy_install command is deprecated setup.py egg_info --egg-base ../../build/my_py_pkg build --build-base /home/sahin/ros2_ws/build/my_py_pkg/build install --record /home/sahin/ros2_ws/build/my_py_pkg/install.log --single-version-externally-managed install_data
[1.386s] running egg_info
[1.432s] writing ../../build/my_py_pkg/my_py_pkg.egg-info/PKG-INFO
[1.440s] writing dependency_links to ../../build/my_py_pkg/my_py_pkg.egg-info/dependency_links.txt
[1.440s] writing entry points to ../../build/my_py_pkg/my_py_pkg.egg-info/entry_points.txt
[1.444s] writing requirements to ../../build/my_py_pkg/my_py_pkg.egg-info/requires.txt
[1.856s] writing top-level names to ../../build/my_py_pkg/my_py_pkg.egg-info/top_level.txt
[1.914s] reading manifest file '../../build/my_py_pkg/my_py_pkg.egg-info/SOURCES.txt'
[1.925s] writing manifest file '../../build/my_py_pkg/my_py_pkg.egg-info/SOURCES.txt'
[1.926s] running build
[1.926s] running build_py
[1.983s] running install
[1.992s] running install_lib
[1.992s] running install_data
[1.992s] running install_egg_info
[1.992s] removing '/home/sahin/ros2_ws/install/my_py_pkg/lib/python3.12/site-packages/my_py_pkg-0.0.0-py3.12.egg-info' (and everything under it)
[1.992s] Copying ../../build/my_py_pkg/my_py_pkg.egg-info to /home/sahin/ros2_ws/install/my_py_pkg/lib/python3.12/site-packages/my_py_pkg-0.0.0-py3.12.egg-info
[2.013s] running install_scripts
[2.152s] Installing py_node script to /home/sahin/ros2_ws/install/my_py_pkg/lib/my_py_pkg
[2.152s] writing list of installed files to '/home/sahin/ros2_ws/build/my_py_pkg/install.log'
[2.231s] Invoked command in '/home/sahin/ros2_ws/src/my_py_pkg' returned '0': DEBUGINFOD_URLS=https://debuginfod.ubuntu.com PYTHONPATH=/home/sahin/ros2_ws/build/my_py_pkg/prefix_override:/usr/lib/python3/dist-packages/colcon_core/task/python/colcon_distutils_commands:/home/sahin/ros2_ws/install/my_py_pkg/lib/python3.12/site-packages:${PYTHONPATH} /usr/bin/python3 -W ignore:setup.py install is deprecated -W ignore:easy_install command is deprecated setup.py egg_info --egg-base ../../build/my_py_pkg build --build-base /home/sahin/ros2_ws/build/my_py_pkg/build install --record /home/sahin/ros2_ws/build/my_py_pkg/install.log --single-version-externally-managed install_data
